Performing C SOURCE FILE Test CMAKE_HAVE_LIBC_PTHREAD failed with the following output:
Change Dir: /home/xujg/yolo_rknn/yolov5_bytetrack/cpp/build/build_rk3588_linux/CMakeFiles/CMakeTmp

Run Build Command(s):/usr/bin/make cmTC_25da5/fast && /usr/bin/make -f CMakeFiles/cmTC_25da5.dir/build.make CMakeFiles/cmTC_25da5.dir/build
make[1]: 进入目录“/home/xujg/yolo_rknn/yolov5_bytetrack/cpp/build/build_rk3588_linux/CMakeFiles/CMakeTmp”
Building C object CMakeFiles/cmTC_25da5.dir/src.c.o
/usr/bin/aarch64-linux-gnu-gcc   -DCMAKE_HAVE_LIBC_PTHREAD   -o CMakeFiles/cmTC_25da5.dir/src.c.o   -c /home/xujg/yolo_rknn/yolov5_bytetrack/cpp/build/build_rk3588_linux/CMakeFiles/CMakeTmp/src.c
Linking C executable cmTC_25da5
/usr/bin/cmake -E cmake_link_script CMakeFiles/cmTC_25da5.dir/link.txt --verbose=1
/usr/bin/aarch64-linux-gnu-gcc  -DCMAKE_HAVE_LIBC_PTHREAD    CMakeFiles/cmTC_25da5.dir/src.c.o  -o cmTC_25da5 
/usr/bin/ld: CMakeFiles/cmTC_25da5.dir/src.c.o: in function `main':
src.c:(.text+0x48): undefined reference to `pthread_create'
/usr/bin/ld: src.c:(.text+0x50): undefined reference to `pthread_detach'
/usr/bin/ld: src.c:(.text+0x5c): undefined reference to `pthread_join'
collect2: error: ld returned 1 exit status
make[1]: *** [CMakeFiles/cmTC_25da5.dir/build.make:87：cmTC_25da5] 错误 1
make[1]: 离开目录“/home/xujg/yolo_rknn/yolov5_bytetrack/cpp/build/build_rk3588_linux/CMakeFiles/CMakeTmp”
make: *** [Makefile:121：cmTC_25da5/fast] 错误 2


Source file was:
#include <pthread.h>

void* test_func(void* data)
{
  return data;
}

int main(void)
{
  pthread_t thread;
  pthread_create(&thread, NULL, test_func, NULL);
  pthread_detach(thread);
  pthread_join(thread, NULL);
  pthread_atfork(NULL, NULL, NULL);
  pthread_exit(NULL);

  return 0;
}

